# JRE version: Java(TM) SE Runtime Environment (8.0_101-b13) (build 1.8.0_101-b13)
# Java VM: Java HotSpot(TM) 64-Bit Server VM (25.101-b13 mixed mode linux-amd64 compressed oops)
Heap:
 PSYoungGen      total 264192K, used 180174K [0x00000000eab00000, 0x00000000fc380000, 0x0000000100000000)
  eden space 243200K, 74% used [0x00000000eab00000,0x00000000f5af3818,0x00000000f9880000)
  from space 20992K, 0% used [0x00000000faf00000,0x00000000faf00000,0x00000000fc380000)
  to   space 22016K, 0% used [0x00000000f9880000,0x00000000f9880000,0x00000000fae00000)
 ParOldGen       total 93184K, used 25196K [0x00000000c0000000, 0x00000000c5b00000, 0x00000000eab00000)
  object space 93184K, 27% used [0x00000000c0000000,0x00000000c189b260,0x00000000c5b00000)
 Metaspace       used 58828K, capacity 60144K, committed 61824K, reserved 1103872K
  class space    used 7645K, capacity 7878K, committed 8320K, reserved 1048576K
GC Heap History (10 events):
Event: 1146,458 GC heap before
{Heap before GC invocations=23 (full 7):
 PSYoungGen      total 266752K, used 960K [0x00000000eab00000, 0x00000000fc680000, 0x0000000100000000)
  eden space 243200K, 0% used [0x00000000eab00000,0x00000000eab00000,0x00000000f9880000)
  from space 23552K, 4% used [0x00000000faf80000,0x00000000fb070010,0x00000000fc680000)
  to   space 23552K, 0% used [0x00000000f9880000,0x00000000f9880000,0x00000000faf80000)
 ParOldGen       total 93184K, used 37094K [0x00000000c0000000, 0x00000000c5b00000, 0x00000000eab00000)
  object space 93184K, 39% used [0x00000000c0000000,0x00000000c2439998,0x00000000c5b00000)
 Metaspace       used 58838K, capacity 60622K, committed 60928K, reserved 1101824K
  class space    used 7759K, capacity 8102K, committed 8192K, reserved 1048576K
Event: 1146,699 GC heap after
Heap after GC invocations=23 (full 7):
 PSYoungGen      total 266752K, used 0K [0x00000000eab00000, 0x00000000fc680000, 0x0000000100000000)
  eden space 243200K, 0% used [0x00000000eab00000,0x00000000eab00000,0x00000000f9880000)
  from space 23552K, 0% used [0x00000000faf80000,0x00000000faf80000,0x00000000fc680000)
  to   space 23552K, 0% used [0x00000000f9880000,0x00000000f9880000,0x00000000faf80000)
 ParOldGen       total 93184K, used 31834K [0x00000000c0000000, 0x00000000c5b00000, 0x00000000eab00000)
  object space 93184K, 34% used [0x00000000c0000000,0x00000000c1f16860,0x00000000c5b00000)
 Metaspace       used 58741K, capacity 60468K, committed 60928K, reserved 1101824K
  class space    used 7743K, capacity 8073K, committed 8192K, reserved 1048576K
}
Event: 1369,807 GC heap before
{Heap before GC invocations=24 (full 7):
 PSYoungGen      total 266752K, used 150706K [0x00000000eab00000, 0x00000000fc680000, 0x0000000100000000)
  eden space 243200K, 61% used [0x00000000eab00000,0x00000000f3e2c8e0,0x00000000f9880000)
  from space 23552K, 0% used [0x00000000faf80000,0x00000000faf80000,0x00000000fc680000)
  to   space 23552K, 0% used [0x00000000f9880000,0x00000000f9880000,0x00000000faf80000)
 ParOldGen       total 93184K, used 31834K [0x00000000c0000000, 0x00000000c5b00000, 0x00000000eab00000)
  object space 93184K, 34% used [0x00000000c0000000,0x00000000c1f16860,0x00000000c5b00000)
 Metaspace       used 58952K, capacity 60818K, committed 61184K, reserved 1101824K
  class space    used 7752K, capacity 8082K, committed 8192K, reserved 1048576K
Event: 1369,815 GC heap after
Heap after GC invocations=24 (full 7):
 PSYoungGen      total 245248K, used 2037K [0x00000000eab00000, 0x00000000fc580000, 0x0000000100000000)
  eden space 243200K, 0% used [0x00000000eab00000,0x00000000eab00000,0x00000000f9880000)
  from space 2048K, 99% used [0x00000000f9880000,0x00000000f9a7d720,0x00000000f9a80000)
  to   space 23040K, 0% used [0x00000000faf00000,0x00000000faf00000,0x00000000fc580000)
 ParOldGen       total 93184K, used 31842K [0x00000000c0000000, 0x00000000c5b00000, 0x00000000eab00000)
  object space 93184K, 34% used [0x00000000c0000000,0x00000000c1f18860,0x00000000c5b00000)
 Metaspace       used 58952K, capacity 60818K, committed 61184K, reserved 1101824K
  class space    used 7752K, capacity 8082K, committed 8192K, reserved 1048576K
}
Event: 1369,815 GC heap before
{Heap before GC invocations=25 (full 8):
 PSYoungGen      total 245248K, used 2037K [0x00000000eab00000, 0x00000000fc580000, 0x0000000100000000)
  eden space 243200K, 0% used [0x00000000eab00000,0x00000000eab00000,0x00000000f9880000)
  from space 2048K, 99% used [0x00000000f9880000,0x00000000f9a7d720,0x00000000f9a80000)
  to   space 23040K, 0% used [0x00000000faf00000,0x00000000faf00000,0x00000000fc580000)
 ParOldGen       total 93184K, used 31842K [0x00000000c0000000, 0x00000000c5b00000, 0x00000000eab00000)
  object space 93184K, 34% used [0x00000000c0000000,0x00000000c1f18860,0x00000000c5b00000)
 Metaspace       used 58952K, capacity 60818K, committed 61184K, reserved 1101824K
  class space    used 7752K, capacity 8082K, committed 8192K, reserved 1048576K
Event: 1370,019 GC heap after
Heap after GC invocations=25 (full 8):
 PSYoungGen      total 245248K, used 0K [0x00000000eab00000, 0x00000000fc580000, 0x0000000100000000)
  eden space 243200K, 0% used [0x00000000eab00000,0x00000000eab00000,0x00000000f9880000)
  from space 2048K, 0% used [0x00000000f9880000,0x00000000f9880000,0x00000000f9a80000)
  to   space 23040K, 0% used [0x00000000faf00000,0x00000000faf00000,0x00000000fc580000)
 ParOldGen       total 93184K, used 33127K [0x00000000c0000000, 0x00000000c5b00000, 0x00000000eab00000)
  object space 93184K, 35% used [0x00000000c0000000,0x00000000c2059df0,0x00000000c5b00000)
 Metaspace       used 58952K, capacity 60818K, committed 61184K, reserved 1101824K
  class space    used 7752K, capacity 8082K, committed 8192K, reserved 1048576K
}
Event: 2645,891 GC heap before
{Heap before GC invocations=26 (full 8):
 PSYoungGen      total 245248K, used 161352K [0x00000000eab00000, 0x00000000fc580000, 0x0000000100000000)
  eden space 243200K, 66% used [0x00000000eab00000,0x00000000f4892128,0x00000000f9880000)
  from space 2048K, 0% used [0x00000000f9880000,0x00000000f9880000,0x00000000f9a80000)
  to   space 23040K, 0% used [0x00000000faf00000,0x00000000faf00000,0x00000000fc580000)
 ParOldGen       total 93184K, used 33127K [0x00000000c0000000, 0x00000000c5b00000, 0x00000000eab00000)
  object space 93184K, 35% used [0x00000000c0000000,0x00000000c2059df0,0x00000000c5b00000)
 Metaspace       used 59439K, capacity 61594K, committed 61824K, reserved 1103872K
  class space    used 7810K, capacity 8210K, committed 8320K, reserved 1048576K
Event: 2645,895 GC heap after
Heap after GC invocations=26 (full 8):
 PSYoungGen      total 264192K, used 2187K [0x00000000eab00000, 0x00000000fc380000, 0x0000000100000000)
  eden space 243200K, 0% used [0x00000000eab00000,0x00000000eab00000,0x00000000f9880000)
  from space 20992K, 10% used [0x00000000faf00000,0x00000000fb122fd0,0x00000000fc380000)
  to   space 22016K, 0% used [0x00000000f9880000,0x00000000f9880000,0x00000000fae00000)
 ParOldGen       total 93184K, used 33135K [0x00000000c0000000, 0x00000000c5b00000, 0x00000000eab00000)
  object space 93184K, 35% used [0x00000000c0000000,0x00000000c205bdf0,0x00000000c5b00000)
 Metaspace       used 59439K, capacity 61594K, committed 61824K, reserved 1103872K
  class space    used 7810K, capacity 8210K, committed 8320K, reserved 1048576K
}
Event: 2645,895 GC heap before
{Heap before GC invocations=27 (full 9):
 PSYoungGen      total 264192K, used 2187K [0x00000000eab00000, 0x00000000fc380000, 0x0000000100000000)
  eden space 243200K, 0% used [0x00000000eab00000,0x00000000eab00000,0x00000000f9880000)
  from space 20992K, 10% used [0x00000000faf00000,0x00000000fb122fd0,0x00000000fc380000)
  to   space 22016K, 0% used [0x00000000f9880000,0x00000000f9880000,0x00000000fae00000)
 ParOldGen       total 93184K, used 33135K [0x00000000c0000000, 0x00000000c5b00000, 0x00000000eab00000)
  object space 93184K, 35% used [0x00000000c0000000,0x00000000c205bdf0,0x00000000c5b00000)
 Metaspace       used 59439K, capacity 61594K, committed 61824K, reserved 1103872K
  class space    used 7810K, capacity 8210K, committed 8320K, reserved 1048576K
Event: 2646,099 GC heap after
Heap after GC invocations=27 (full 9):
 PSYoungGen      total 264192K, used 0K [0x00000000eab00000, 0x00000000fc380000, 0x0000000100000000)
  eden space 243200K, 0% used [0x00000000eab00000,0x00000000eab00000,0x00000000f9880000)
  from space 20992K, 0% used [0x00000000faf00000,0x00000000faf00000,0x00000000fc380000)
  to   space 22016K, 0% used [0x00000000f9880000,0x00000000f9880000,0x00000000fae00000)
 ParOldGen       total 93184K, used 25196K [0x00000000c0000000, 0x00000000c5b00000, 0x00000000eab00000)
  object space 93184K, 27% used [0x00000000c0000000,0x00000000c189b260,0x00000000c5b00000)
 Metaspace       used 58509K, capacity 59682K, committed 61824K, reserved 1103872K
  class space    used 7595K, capacity 7797K, committed 8320K, reserved 1048576K
}

